Diagnose log at 2022-09-23T01:43:10Z

Executable: C:\Program Files\Git\mingw64\libexec\git-core\git-credential-manager-core.exe
Version: 2.0.632+478753bbb7

------------
Diagnostic: Environment
Skipped: False
Success: True
Exception: None
Log:
OSType: Windows
OSVersion: 10.0 (build 19044)
Reading environment variables... OK
 Variables:
HOMEPATH=\Users\Cris
DriverData=C:\Windows\System32\Drivers\DriverData
COMPUTERNAME=DESKTOP-2K47F4J
MSYSTEM=MINGW64
CommonProgramFiles(x86)=C:\Program Files (x86)\Common Files
OneDrive=C:\Users\Cris\OneDrive
ProgramFiles(x86)=C:\Program Files (x86)
CONFIG_SITE=C:/Program Files/Git/etc/config.site
LC_CTYPE=es_ES.UTF-8
USERDOMAIN=DESKTOP-2K47F4J
PATHEXT=.COM;.EXE;.BAT;.CMD;.VBS;.VBE;.JS;.JSE;.WSF;.WSH;.MSC
ORIGINAL_TEMP=C:/Users/Cris/AppData/Local/Temp
MINGW_PREFIX=C:/Program Files/Git/mingw64
GIT_EXEC_PATH=C:/Program Files/Git/mingw64/libexec/git-core
ACLOCAL_PATH=C:\Program Files\Git\mingw64\share\aclocal;C:\Program Files\Git\usr\share\aclocal
TEMP=C:\Users\Cris\AppData\Local\Temp
LOCALAPPDATA=C:\Users\Cris\AppData\Local
MANPATH=C:\Program Files\Git\mingw64\local\man;C:\Program Files\Git\mingw64\share\man;C:\Program Files\Git\usr\local\man;C:\Program Files\Git\usr\share\man;C:\Program Files\Git\usr\man;C:\Program Files\Git\share\man
TERM=xterm
PROCESSOR_IDENTIFIER=Intel64 Family 6 Model 58 Stepping 9, GenuineIntel
MSYSTEM_CARCH=x86_64
PROGRAMFILES=C:\Program Files (x86)
ProgramData=C:\ProgramData
TERM_PROGRAM_VERSION=3.5.2
ORIGINAL_TMP=C:/Users/Cris/AppData/Local/Temp
PROCESSOR_REVISION=3a09
SYSTEMROOT=C:\windows
TERM_PROGRAM=mintty
PROCESSOR_LEVEL=6
NUMBER_OF_PROCESSORS=4
SSH_ASKPASS=C:/Program Files/Git/mingw64/bin/git-askpass.exe
SHLVL=1
APPDATA=C:\Users\Cris\AppData\Roaming
SYSTEMDRIVE=C:
PSModulePath=C:\Program Files\WindowsPowerShell\Modules;C:\windows\system32\WindowsPowerShell\v1.0\Modules
PUBLIC=C:\Users\Public
HOSTNAME=DESKTOP-2K47F4J
PKG_CONFIG_PATH=C:\Program Files\Git\mingw64\lib\pkgconfig;C:\Program Files\Git\mingw64\share\pkgconfig
MSYSTEM_CHOST=x86_64-w64-mingw32
WINDIR=C:\windows
PLINK_PROTOCOL=ssh
INFOPATH=C:\Program Files\Git\usr\local\info;C:\Program Files\Git\usr\share\info;C:\Program Files\Git\usr\info;C:\Program Files\Git\share\info
ProgramW6432=C:\Program Files
PATH=C:/Program Files/Git/mingw64/libexec/git-core;C:\Users\Cris\bin;C:\Program Files\Git\mingw64\bin;C:\Program Files\Git\usr\local\bin;C:\Program Files\Git\usr\bin;C:\Program Files\Git\usr\bin;C:\Program Files\Git\mingw64\bin;C:\Program Files\Git\usr\bin;C:\Users\Cris\bin;C:\Program Files\Common Files\Oracle\Java\javapath;C:\windows\system32;C:\windows;C:\windows\System32\Wbem;C:\windows\System32\WindowsPowerShell\v1.0;C:\windows\System32\OpenSSH;C:\Program Files\Microsoft VS Code\bin;C:\Program Files\Git\cmd;C:\Users\Cris\AppData\Roaming\nvm;C:\Program Files\nodejs;C:\Program Files\Go\bin;C:\Program Files\MySQL\MySQL Shell 8.0\bin;C:\Users\Cris\AppData\Local\Microsoft\WindowsApps;C:\Users\Cris\AppData\Roaming\nvm;C:\Program Files\nodejs;C:\Users\Cris\go\bin;C:\Program Files\Git\usr\bin\vendor_perl;C:\Program Files\Git\usr\bin\core_perl
MINGW_CHOST=x86_64-w64-mingw32
FPS_BROWSER_APP_PROFILE_STRING=Internet Explorer
TMPDIR=C:\Users\Cris\AppData\Local\Temp
TMP=C:\Users\Cris\AppData\Local\Temp
NVM_SYMLINK=C:\Program Files\nodejs
NVM_HOME=C:\Users\Cris\AppData\Roaming\nvm
SHELL=C:\Program Files\Git\usr\bin\bash.exe
HOME=C:\Users\Cris
COMSPEC=C:\windows\system32\cmd.exe
LOGONSERVER=\\DESKTOP-2K47F4J
USERPROFILE=C:\Users\Cris
FPS_BROWSER_USER_PROFILE_STRING=Default
DISPLAY=needs-to-be-defined
COMMONPROGRAMFILES=C:\Program Files (x86)\Common Files
USERDOMAIN_ROAMINGPROFILE=DESKTOP-2K47F4J
CommonProgramW6432=C:\Program Files\Common Files
HOMEDRIVE=C:
MSYSTEM_PREFIX=C:/Program Files/Git/mingw64
MINGW_PACKAGE_PREFIX=mingw-w64-x86_64
SESSIONNAME=Console
PWD=C:/Users/Cris/Workspace/react/pokedex
EXEPATH=C:\Program Files\Git
USERNAME=Cris
PROCESSOR_ARCHITEW6432=AMD64
ORIGINAL_PATH=C:\Program Files\Git\mingw64\bin;C:\Program Files\Git\usr\bin;C:\Users\Cris\bin;C:\Program Files\Common Files\Oracle\Java\javapath;C:\windows\system32;C:\windows;C:\windows\System32\Wbem;C:\windows\System32\WindowsPowerShell\v1.0;C:\windows\System32\OpenSSH;C:\Program Files\Microsoft VS Code\bin;C:\Program Files\Git\cmd;C:\Users\Cris\AppData\Roaming\nvm;C:\Program Files\nodejs;C:\Program Files\Go\bin;C:\Program Files\MySQL\MySQL Shell 8.0\bin;C:\Users\Cris\AppData\Local\Microsoft\WindowsApps;C:\Users\Cris\AppData\Roaming\nvm;C:\Program Files\nodejs;C:\Users\Cris\go\bin
PROCESSOR_ARCHITECTURE=x86
PS1=\[\033]0;$TITLEPREFIX:$PWD\007\]\n\[\033[32m\]\u@\h \[\033[35m\]$MSYSTEM \[\033[33m\]\w\[\033[36m\]`__git_ps1`\[\033[0m\]\n$ 
OS=Windows_NT
GOPATH=C:\Users\Cris\go
_=C:/Program Files/Git/mingw64/bin/git
ALLUSERSPROFILE=C:\ProgramData


------------
Diagnostic: File system
Skipped: False
Success: True
Exception: None
Log:
Temporary directory is 'C:\Users\Cris\AppData\Local\Temp\'...
Checking basic file I/O...
Writing to temporary file 'C:\Users\Cris\AppData\Local\Temp\788d4698a3fb71084fed4e57'... OK
Reading from temporary file 'C:\Users\Cris\AppData\Local\Temp\788d4698a3fb71084fed4e57'... OK
Deleting temporary file 'C:\Users\Cris\AppData\Local\Temp\788d4698a3fb71084fed4e57'... OK
Testing IFileSystem instance...
UserHomePath: C:\Users\Cris
UserDataDirectoryPath: C:\Users\Cris\.gcm
GetCurrentDirectory(): C:\Users\Cris\Workspace\react\pokedex

------------
Diagnostic: Networking
Skipped: False
Success: True
Exception: None
Log:
Checking basic networking and HTTP stack...
Creating HTTP client... OK
IsNetworkAvailable: True
Sending HEAD request to http://example.com... OK
Sending HEAD request to https://example.com... OK
Acquiring free TCP port... OK
Testing local HTTP loopback connections...
Creating new HTTP listener for http://localhost:50817/... OK
Waiting for loopback connection... OK
Writing response... OK
Waiting for response data... OK
Loopback connection data OK
Testing with IHttpClientFactory created HTTP client...
Creating HTTP client... OK
IsNetworkAvailable: True
Sending HEAD request to http://example.com... OK
Sending HEAD request to https://example.com... OK
Acquiring free TCP port... OK
Testing local HTTP loopback connections...
Creating new HTTP listener for http://localhost:50819/... OK
Waiting for loopback connection... OK
Writing response... OK
Waiting for response data... OK
Loopback connection data OK

------------
Diagnostic: Git
Skipped: False
Success: True
Exception: None
Log:
Getting Git version... OK
Git version is '2.35.1.windows.2'
Locating current repository... OK
Git repository at 'C:/Users/Cris/Workspace/react/pokedex/.git'
Listing all Git configuration... OK
Git configuration:
file:C:/Program Files/Git/etc/gitconfig	diff.astextplain.textconv=astextplain
file:C:/Program Files/Git/etc/gitconfig	filter.lfs.clean=git-lfs clean -- %f
file:C:/Program Files/Git/etc/gitconfig	filter.lfs.smudge=git-lfs smudge -- %f
file:C:/Program Files/Git/etc/gitconfig	filter.lfs.process=git-lfs filter-process
file:C:/Program Files/Git/etc/gitconfig	filter.lfs.required=true
file:C:/Program Files/Git/etc/gitconfig	http.sslbackend=openssl
file:C:/Program Files/Git/etc/gitconfig	http.sslcainfo=C:/Program Files/Git/mingw64/ssl/certs/ca-bundle.crt
file:C:/Program Files/Git/etc/gitconfig	core.autocrlf=true
file:C:/Program Files/Git/etc/gitconfig	core.fscache=true
file:C:/Program Files/Git/etc/gitconfig	core.symlinks=false
file:C:/Program Files/Git/etc/gitconfig	core.editor="C:\\Program Files\\Microsoft VS Code\\bin\\code" --wait
file:C:/Program Files/Git/etc/gitconfig	pull.rebase=false
file:C:/Program Files/Git/etc/gitconfig	credential.helper=manager-core
file:C:/Program Files/Git/etc/gitconfig	credential.https://dev.azure.com.usehttppath=true
file:C:/Program Files/Git/etc/gitconfig	init.defaultbranch=master
file:.git/config	core.repositoryformatversion=0
file:.git/config	core.filemode=false
file:.git/config	core.bare=false
file:.git/config	core.logallrefupdates=true
file:.git/config	core.symlinks=false
file:.git/config	core.ignorecase=true
file:.git/config	remote.origin.url=https://github.com/anezcjp/pokeReact.git
file:.git/config	remote.origin.fetch=+refs/heads/*:refs/remotes/origin/*


------------
Diagnostic: Credential storage
Skipped: False
Success: True
Exception: None
Log:
ICredentialStore instance is of type: CredentialStore
Writing test credential... OK
Reading test credential... OK
Deleting test credential... OK

------------
Diagnostic: Microsoft authentication (AAD/MSA)
Skipped: False
Success: True
Exception: None
Log:
Broker not supported.
Flow type is: Auto
Gathering MSAL token cache data... OK
CacheDirectory: C:\Users\Cris\AppData\Local\.IdentityService
CacheFileName: msal.cache
CacheFilePath: C:\Users\Cris\AppData\Local\.IdentityService\msal.cache
Creating cache helper... OK
Verifying MSAL token cache persistence... OK

------------
Diagnostic: GitHub API
Skipped: False
Success: True
Exception: None
Log:
Using 'https://github.com/' as API target.
Querying '/meta' endpoint... OK

